2025-05-14 18:43:19,574 - INFO - Script started.
2025-05-14 18:43:19,580 - INFO - Data preparation completed successfully.
2025-05-14 18:43:19,580 - INFO - Main function started.
2025-05-14 18:43:19,581 - INFO - Processing layer: layer4.2.conv3
2025-05-14 18:43:32,706 - INFO - Computing TCAV score for layer: layer4.2.conv3, target index: 0
2025-05-14 18:43:49,411 - INFO - TCAV score computation completed for layer: layer4.2.conv3, target index: 0
2025-05-14 18:43:49,411 - INFO - Computing TCAV score for layer: layer4.2.conv3, target index: 1
2025-05-14 18:43:53,212 - INFO - TCAV score computation completed for layer: layer4.2.conv3, target index: 1
2025-05-14 18:43:53,217 - INFO - Computing TCAV score for layer: layer4.2.conv3, target index: 2
2025-05-14 18:43:57,807 - INFO - TCAV score computation completed for layer: layer4.2.conv3, target index: 2
2025-05-14 18:44:07,590 - INFO - Accuracy Before: 0.8942
2025-05-14 18:44:07,590 - INFO - Precision Before: 0.8747
2025-05-14 18:44:07,590 - INFO - Recall Before: 0.8913
2025-05-14 18:44:07,590 - INFO - F1 Score Before: 0.8806
2025-05-14 18:44:07,590 - INFO - Average Confidence Before: [0.5096661901190167, 0.4865531223912199, 0.5358882625587285]
2025-05-14 18:44:07,590 - INFO - TCAV Score before : [0.0, 0.931910514831543, 1.0]
2025-05-14 18:44:07,590 - INFO - Training with Lambda Align: 0.0, Lambda Classification: 1.0
2025-05-14 18:44:33,607 - INFO - Epoch 1/1 - Loss: 0.2765
2025-05-14 18:44:38,472 - INFO - Computing TCAV score for layer: layer4.2.conv3, target index: 0
2025-05-14 18:44:54,644 - INFO - TCAV score computation completed for layer: layer4.2.conv3, target index: 0
2025-05-14 18:44:54,669 - INFO - Computing TCAV score for layer: layer4.2.conv3, target index: 1
2025-05-14 18:44:58,508 - INFO - TCAV score computation completed for layer: layer4.2.conv3, target index: 1
2025-05-14 18:44:58,513 - INFO - Computing TCAV score for layer: layer4.2.conv3, target index: 2
2025-05-14 18:45:03,066 - INFO - TCAV score computation completed for layer: layer4.2.conv3, target index: 2
2025-05-14 18:45:07,988 - INFO - Accuracy After: 0.9423
2025-05-14 18:45:07,988 - INFO - Precision After: 0.9278
2025-05-14 18:45:07,988 - INFO - Recall After: 0.9464
2025-05-14 18:45:07,988 - INFO - F1 Score After: 0.9358
2025-05-14 18:45:07,988 - INFO - Average Confidence After: [0.8664872661383465, 0.9158927079439163, 0.9401928766164929]
2025-05-14 18:45:07,988 - INFO - TCAV Score after : [0.0, 0.33536583185195923, 1.0]
2025-05-14 18:45:08,437 - INFO - Training completed for Lambda Align: 0.0, Layer: layer4.2.conv3
2025-05-14 18:45:08,446 - ERROR - Error in main function: Can't pickle local object 'get_activation.<locals>.hook'
2025-05-14 18:47:46,478 - INFO - Script started.
2025-05-14 18:47:46,485 - INFO - Data preparation completed successfully.
2025-05-14 18:47:46,485 - INFO - Main function started.
2025-05-14 18:47:46,485 - INFO - Processing layer: layer4.2.conv3
2025-05-14 18:47:59,174 - INFO - Computing TCAV score for layer: layer4.2.conv3, target index: 0
2025-05-14 18:48:15,065 - INFO - TCAV score computation completed for layer: layer4.2.conv3, target index: 0
2025-05-14 18:48:15,066 - INFO - Computing TCAV score for layer: layer4.2.conv3, target index: 1
2025-05-14 18:48:18,877 - INFO - TCAV score computation completed for layer: layer4.2.conv3, target index: 1
2025-05-14 18:48:18,882 - INFO - Computing TCAV score for layer: layer4.2.conv3, target index: 2
2025-05-14 18:48:23,471 - INFO - TCAV score computation completed for layer: layer4.2.conv3, target index: 2
2025-05-14 18:48:33,733 - INFO - Accuracy Before: 0.8942
2025-05-14 18:48:33,733 - INFO - Precision Before: 0.8747
2025-05-14 18:48:33,733 - INFO - Recall Before: 0.8913
2025-05-14 18:48:33,733 - INFO - F1 Score Before: 0.8806
2025-05-14 18:48:33,733 - INFO - Average Confidence Before: [0.5096661901190167, 0.4865531223912199, 0.5358882625587285]
2025-05-14 18:48:33,733 - INFO - TCAV Score before : [0.0, 0.931910514831543, 1.0]
2025-05-14 18:48:33,733 - INFO - Training with Lambda Align: 0.0, Lambda Classification: 1.0
2025-05-14 18:49:00,903 - INFO - Epoch 1/1 - Loss: 0.2765
2025-05-14 18:49:06,183 - INFO - Computing TCAV score for layer: layer4.2.conv3, target index: 0
2025-05-14 18:49:22,322 - INFO - TCAV score computation completed for layer: layer4.2.conv3, target index: 0
2025-05-14 18:49:22,347 - INFO - Computing TCAV score for layer: layer4.2.conv3, target index: 1
2025-05-14 18:49:26,164 - INFO - TCAV score computation completed for layer: layer4.2.conv3, target index: 1
2025-05-14 18:49:26,170 - INFO - Computing TCAV score for layer: layer4.2.conv3, target index: 2
2025-05-14 18:49:30,689 - INFO - TCAV score computation completed for layer: layer4.2.conv3, target index: 2
2025-05-14 18:49:35,566 - INFO - Accuracy After: 0.9423
2025-05-14 18:49:35,566 - INFO - Precision After: 0.9278
2025-05-14 18:49:35,566 - INFO - Recall After: 0.9464
2025-05-14 18:49:35,566 - INFO - F1 Score After: 0.9358
2025-05-14 18:49:35,566 - INFO - Average Confidence After: [0.8664872661383465, 0.9158927079439163, 0.9401928766164929]
2025-05-14 18:49:35,566 - INFO - TCAV Score after : [0.0, 0.33536583185195923, 1.0]
2025-05-14 18:49:36,025 - INFO - Training completed for Lambda Align: 0.0, Layer: layer4.2.conv3
2025-05-14 18:49:36,271 - INFO - Training with Lambda Align: 0.1, Lambda Classification: 0.9
2025-05-14 18:50:02,734 - INFO - Epoch 1/1 - Loss: 0.2801
2025-05-14 18:50:07,623 - INFO - Computing TCAV score for layer: layer4.2.conv3, target index: 0
2025-05-14 18:50:24,406 - INFO - TCAV score computation completed for layer: layer4.2.conv3, target index: 0
2025-05-14 18:50:24,431 - INFO - Computing TCAV score for layer: layer4.2.conv3, target index: 1
2025-05-14 18:50:28,301 - INFO - TCAV score computation completed for layer: layer4.2.conv3, target index: 1
2025-05-14 18:50:28,306 - INFO - Computing TCAV score for layer: layer4.2.conv3, target index: 2
2025-05-14 18:50:32,858 - INFO - TCAV score computation completed for layer: layer4.2.conv3, target index: 2
2025-05-14 18:50:37,840 - INFO - Accuracy After: 0.9423
2025-05-14 18:50:37,840 - INFO - Precision After: 0.9440
2025-05-14 18:50:37,840 - INFO - Recall After: 0.9261
2025-05-14 18:50:37,840 - INFO - F1 Score After: 0.9342
2025-05-14 18:50:37,840 - INFO - Average Confidence After: [0.8313725728814195, 0.8993886535680746, 0.9499786462971893]
2025-05-14 18:50:37,840 - INFO - TCAV Score after : [0.0, 0.23373982310295105, 1.0]
2025-05-14 18:50:38,037 - INFO - Training completed for Lambda Align: 0.1, Layer: layer4.2.conv3
2025-05-14 18:50:38,106 - INFO - Training with Lambda Align: 0.2, Lambda Classification: 0.8
2025-05-14 18:51:04,470 - INFO - Epoch 1/1 - Loss: 0.2456
2025-05-14 18:51:09,378 - INFO - Computing TCAV score for layer: layer4.2.conv3, target index: 0
2025-05-14 18:51:25,169 - INFO - TCAV score computation completed for layer: layer4.2.conv3, target index: 0
2025-05-14 18:51:25,194 - INFO - Computing TCAV score for layer: layer4.2.conv3, target index: 1
2025-05-14 18:51:29,054 - INFO - TCAV score computation completed for layer: layer4.2.conv3, target index: 1
2025-05-14 18:51:29,060 - INFO - Computing TCAV score for layer: layer4.2.conv3, target index: 2
2025-05-14 18:51:33,630 - INFO - TCAV score computation completed for layer: layer4.2.conv3, target index: 2
2025-05-14 18:51:38,480 - INFO - Accuracy After: 0.9279
2025-05-14 18:51:38,480 - INFO - Precision After: 0.9143
2025-05-14 18:51:38,480 - INFO - Recall After: 0.9232
2025-05-14 18:51:38,480 - INFO - F1 Score After: 0.9166
2025-05-14 18:51:38,480 - INFO - Average Confidence After: [0.856834957076282, 0.8848590411080255, 0.9512981678271175]
2025-05-14 18:51:38,480 - INFO - TCAV Score after : [0.0, 0.23678861558437347, 1.0]
2025-05-14 18:51:38,663 - INFO - Training completed for Lambda Align: 0.2, Layer: layer4.2.conv3
2025-05-14 18:51:38,733 - INFO - Training with Lambda Align: 0.3, Lambda Classification: 0.7
2025-05-14 18:52:04,946 - INFO - Epoch 1/1 - Loss: 0.2108
2025-05-14 18:52:09,854 - INFO - Computing TCAV score for layer: layer4.2.conv3, target index: 0
2025-05-14 18:52:25,718 - INFO - TCAV score computation completed for layer: layer4.2.conv3, target index: 0
2025-05-14 18:52:25,743 - INFO - Computing TCAV score for layer: layer4.2.conv3, target index: 1
2025-05-14 18:52:29,609 - INFO - TCAV score computation completed for layer: layer4.2.conv3, target index: 1
2025-05-14 18:52:29,615 - INFO - Computing TCAV score for layer: layer4.2.conv3, target index: 2
2025-05-14 18:52:34,235 - INFO - TCAV score computation completed for layer: layer4.2.conv3, target index: 2
2025-05-14 18:52:39,109 - INFO - Accuracy After: 0.9459
2025-05-14 18:52:39,109 - INFO - Precision After: 0.9401
2025-05-14 18:52:39,109 - INFO - Recall After: 0.9366
2025-05-14 18:52:39,109 - INFO - F1 Score After: 0.9378
2025-05-14 18:52:39,109 - INFO - Average Confidence After: [0.8592272894569191, 0.9203167346473855, 0.9465366994157249]
2025-05-14 18:52:39,109 - INFO - TCAV Score after : [0.0, 0.08638211339712143, 1.0]
2025-05-14 18:52:39,298 - INFO - Training completed for Lambda Align: 0.3, Layer: layer4.2.conv3
2025-05-14 18:52:39,368 - INFO - Training with Lambda Align: 0.4, Lambda Classification: 0.6
2025-05-14 18:53:05,392 - INFO - Epoch 1/1 - Loss: 0.2082
2025-05-14 18:53:10,261 - INFO - Computing TCAV score for layer: layer4.2.conv3, target index: 0
2025-05-14 18:53:26,153 - INFO - TCAV score computation completed for layer: layer4.2.conv3, target index: 0
2025-05-14 18:53:26,179 - INFO - Computing TCAV score for layer: layer4.2.conv3, target index: 1
2025-05-14 18:53:30,044 - INFO - TCAV score computation completed for layer: layer4.2.conv3, target index: 1
2025-05-14 18:53:30,049 - INFO - Computing TCAV score for layer: layer4.2.conv3, target index: 2
2025-05-14 18:53:34,560 - INFO - TCAV score computation completed for layer: layer4.2.conv3, target index: 2
2025-05-14 18:53:39,429 - INFO - Accuracy After: 0.9303
2025-05-14 18:53:39,430 - INFO - Precision After: 0.9155
2025-05-14 18:53:39,430 - INFO - Recall After: 0.9280
2025-05-14 18:53:39,430 - INFO - F1 Score After: 0.9200
2025-05-14 18:53:39,430 - INFO - Average Confidence After: [0.844913485587812, 0.8841714644483452, 0.9470655895543821]
2025-05-14 18:53:39,430 - INFO - TCAV Score after : [0.024147728458046913, 0.023373983800411224, 1.0]
2025-05-14 18:53:39,619 - INFO - Training completed for Lambda Align: 0.4, Layer: layer4.2.conv3
2025-05-14 18:53:39,690 - INFO - Training with Lambda Align: 0.5, Lambda Classification: 0.5
2025-05-14 18:54:06,523 - INFO - Epoch 1/1 - Loss: 0.1853
